This is XeTeX, Version 3.141592653-2.6-0.999995 (MiKTeX 23.12) (preloaded format=xelatex 2024.1.24)  30 JAN 2024 16:51
entering extended mode
 restricted \write18 enabled.
 %&-line parsing enabled.
**./Rapport.tex
(Rapport.tex
LaTeX2e <2023-11-01> patch level 1
L3 programming layer <2024-01-04>
(/home/mir/.miktex/texmfs/install/tex/latex/base/article.cls
Document Class: article 2023/05/17 v1.4n Standard LaTeX document class
(/home/mir/.miktex/texmfs/install/tex/latex/base/size11.clo
File: size11.clo 2023/05/17 v1.4n Standard LaTeX file (size option)
)
\c@part=\count183
\c@section=\count184
\c@subsection=\count185
\c@subsubsection=\count186
\c@paragraph=\count187
\c@subparagraph=\count188
\c@figure=\count189
\c@table=\count190
\abovecaptionskip=\skip48
\belowcaptionskip=\skip49
\bibindent=\dimen140
)
(/home/mir/.miktex/texmfs/install/tex/latex/base/inputenc.sty
Package: inputenc 2021/02/14 v1.3d Input encoding file
\inpenc@prehook=\toks17
\inpenc@posthook=\toks18
)
(/home/mir/.miktex/texmfs/install/tex/latex/amsmath/amsmath.sty
Package: amsmath 2023/05/13 v2.17o AMS math features
\@mathmargin=\skip50

For additional information on amsmath, use the `?' option.
(/home/mir/.miktex/texmfs/install/tex/latex/amsmath/amstext.sty
Package: amstext 2021/08/26 v2.01 AMS text

(/home/mir/.miktex/texmfs/install/tex/latex/amsmath/amsgen.sty
File: amsgen.sty 1999/11/30 v2.0 generic functions
\@emptytoks=\toks19
\ex@=\dimen141
))
(/home/mir/.miktex/texmfs/install/tex/latex/amsmath/amsbsy.sty
Package: amsbsy 1999/11/29 v1.2d Bold Symbols
\pmbraise@=\dimen142
)
(/home/mir/.miktex/texmfs/install/tex/latex/amsmath/amsopn.sty
Package: amsopn 2022/04/08 v2.04 operator names
)
\inf@bad=\count191
LaTeX Info: Redefining \frac on input line 234.
\uproot@=\count192
\leftroot@=\count193
LaTeX Info: Redefining \overline on input line 399.
LaTeX Info: Redefining \colon on input line 410.
\classnum@=\count194
\DOTSCASE@=\count195
LaTeX Info: Redefining \ldots on input line 496.
LaTeX Info: Redefining \dots on input line 499.
LaTeX Info: Redefining \cdots on input line 620.
\Mathstrutbox@=\box51
\strutbox@=\box52
LaTeX Info: Redefining \big on input line 722.
LaTeX Info: Redefining \Big on input line 723.
LaTeX Info: Redefining \bigg on input line 724.
LaTeX Info: Redefining \Bigg on input line 725.
\big@size=\dimen143
LaTeX Font Info:    Redeclaring font encoding OML on input line 743.
LaTeX Font Info:    Redeclaring font encoding OMS on input line 744.
\macc@depth=\count196
LaTeX Info: Redefining \bmod on input line 905.
LaTeX Info: Redefining \pmod on input line 910.
LaTeX Info: Redefining \smash on input line 940.
LaTeX Info: Redefining \relbar on input line 970.
LaTeX Info: Redefining \Relbar on input line 971.
\c@MaxMatrixCols=\count197
\dotsspace@=\muskip16
\c@parentequation=\count198
\dspbrk@lvl=\count199
\tag@help=\toks20
\row@=\count266
\column@=\count267
\maxfields@=\count268
\andhelp@=\toks21
\eqnshift@=\dimen144
\alignsep@=\dimen145
\tagshift@=\dimen146
\tagwidth@=\dimen147
\totwidth@=\dimen148
\lineht@=\dimen149
\@envbody=\toks22
\multlinegap=\skip51
\multlinetaggap=\skip52
\mathdisplay@stack=\toks23
LaTeX Info: Redefining \[ on input line 2953.
LaTeX Info: Redefining \] on input line 2954.
)
(/home/mir/.miktex/texmfs/install/tex/latex/graphics/graphicx.sty
Package: graphicx 2021/09/16 v1.2d Enhanced LaTeX Graphics (DPC,SPQR)

(/home/mir/.miktex/texmfs/install/tex/latex/graphics/keyval.sty
Package: keyval 2022/05/29 v1.15 key=value parser (DPC)
\KV@toks@=\toks24
)
(/home/mir/.miktex/texmfs/install/tex/latex/graphics/graphics.sty
Package: graphics 2022/03/10 v1.4e Standard LaTeX Graphics (DPC,SPQR)

(/home/mir/.miktex/texmfs/install/tex/latex/graphics/trig.sty
Package: trig 2021/08/11 v1.11 sin cos tan (DPC)
)
(/home/mir/.miktex/texmfs/install/tex/latex/graphics-cfg/graphics.cfg
File: graphics.cfg 2016/06/04 v1.11 sample graphics configuration
)
Package graphics Info: Driver file: xetex.def on input line 107.

(/home/mir/.miktex/texmfs/install/tex/latex/graphics-def/xetex.def
File: xetex.def 2022/09/22 v5.0n Graphics/color driver for xetex
))
\Gin@req@height=\dimen150
\Gin@req@width=\dimen151
)
(/home/mir/.miktex/texmfs/install/tex/latex/base/fontenc.sty
Package: fontenc 2021/04/29 v2.0v Standard LaTeX package
LaTeX Font Info:    Trying to load font information for T1+lmr on input line 11
2.

(/home/mir/.miktex/texmfs/install/tex/latex/lm/t1lmr.fd
File: t1lmr.fd 2015/05/01 v1.6.1 Font defs for Latin Modern
))
(/home/mir/.miktex/texmfs/install/tex/generic/babel/babel.sty
Package: babel 2024/01/07 v24.1 The Babel package
\babel@savecnt=\count269
\U@D=\dimen152
\l@unhyphenated=\language79

(/home/mir/.miktex/texmfs/install/tex/generic/babel/xebabel.def)
\bbl@readstream=\read2
\bbl@dirlevel=\count270

*************************************
* Local config file bblopts.cfg used
*
(/home/mir/.miktex/texmfs/install/tex/latex/arabi/bblopts.cfg
File: bblopts.cfg 2005/09/08 v0.1 add Arabic and Farsi to "declared" options of
 babel
)
Package babel Info: You haven't specified a language as a class or package
(babel)             option. I'll load 'nil'. Reported on input line 4342.

(/home/mir/.miktex/texmfs/install/tex/generic/babel/nil.ldf
Language: nil 2024/01/07 v24.1 Nil language
\l@nil=\language80
))
(/home/mir/.miktex/texmfs/install/tex/latex/hyperref/hyperref.sty
Package: hyperref 2023-11-26 v7.01g Hypertext links for LaTeX

(/home/mir/.miktex/texmfs/install/tex/generic/iftex/iftex.sty
Package: iftex 2022/02/03 v1.0f TeX engine tests
)
(/home/mir/.miktex/texmfs/install/tex/generic/infwarerr/infwarerr.sty
Package: infwarerr 2019/12/03 v1.5 Providing info/warning/error messages (HO)
)
(/home/mir/.miktex/texmfs/install/tex/latex/kvsetkeys/kvsetkeys.sty
Package: kvsetkeys 2022-10-05 v1.19 Key value parser (HO)
)
(/home/mir/.miktex/texmfs/install/tex/generic/kvdefinekeys/kvdefinekeys.sty
Package: kvdefinekeys 2019-12-19 v1.6 Define keys (HO)
)
(/home/mir/.miktex/texmfs/install/tex/generic/pdfescape/pdfescape.sty
Package: pdfescape 2019/12/09 v1.15 Implements pdfTeX's escape features (HO)

(/home/mir/.miktex/texmfs/install/tex/generic/ltxcmds/ltxcmds.sty
Package: ltxcmds 2023-12-04 v1.26 LaTeX kernel commands for general use (HO)
)
(/home/mir/.miktex/texmfs/install/tex/generic/pdftexcmds/pdftexcmds.sty
Package: pdftexcmds 2020-06-27 v0.33 Utility functions of pdfTeX for LuaTeX (HO
)
Package pdftexcmds Info: \pdf@primitive is available.
Package pdftexcmds Info: \pdf@ifprimitive is available.
Package pdftexcmds Info: \pdfdraftmode not found.
))
(/home/mir/.miktex/texmfs/install/tex/latex/hycolor/hycolor.sty
Package: hycolor 2020-01-27 v1.10 Color options for hyperref/bookmark (HO)
)
(/home/mir/.miktex/texmfs/install/tex/latex/letltxmacro/letltxmacro.sty
Package: letltxmacro 2019/12/03 v1.6 Let assignment for LaTeX macros (HO)
)
(/home/mir/.miktex/texmfs/install/tex/latex/auxhook/auxhook.sty
Package: auxhook 2019-12-17 v1.6 Hooks for auxiliary files (HO)
)
(/home/mir/.miktex/texmfs/install/tex/latex/hyperref/nameref.sty
Package: nameref 2023-11-26 v2.56 Cross-referencing by name of section

(/home/mir/.miktex/texmfs/install/tex/latex/refcount/refcount.sty
Package: refcount 2019/12/15 v3.6 Data extraction from label references (HO)
)
(/home/mir/.miktex/texmfs/install/tex/generic/gettitlestring/gettitlestring.sty
Package: gettitlestring 2019/12/15 v1.6 Cleanup title references (HO)
(/home/mir/.miktex/texmfs/install/tex/latex/kvoptions/kvoptions.sty
Package: kvoptions 2022-06-15 v3.15 Key value format for package options (HO)
))
\c@section@level=\count271
)
(/home/mir/.miktex/texmfs/install/tex/latex/etoolbox/etoolbox.sty
Package: etoolbox 2020/10/05 v2.5k e-TeX tools for LaTeX (JAW)
\etb@tempcnta=\count272
)
\@linkdim=\dimen153
\Hy@linkcounter=\count273
\Hy@pagecounter=\count274

(/home/mir/.miktex/texmfs/install/tex/latex/hyperref/pd1enc.def
File: pd1enc.def 2023-11-26 v7.01g Hyperref: PDFDocEncoding definition (HO)
)
(/home/mir/.miktex/texmfs/install/tex/generic/intcalc/intcalc.sty
Package: intcalc 2019/12/15 v1.3 Expandable calculations with integers (HO)
)
\Hy@SavedSpaceFactor=\count275

(/home/mir/.miktex/texmfs/install/tex/latex/hyperref/puenc.def
File: puenc.def 2023-11-26 v7.01g Hyperref: PDF Unicode definition (HO)
)
Package hyperref Info: Hyper figures OFF on input line 4181.
Package hyperref Info: Link nesting OFF on input line 4186.
Package hyperref Info: Hyper index ON on input line 4189.
Package hyperref Info: Plain pages OFF on input line 4196.
Package hyperref Info: Backreferencing OFF on input line 4201.
Package hyperref Info: Implicit mode ON; LaTeX internals redefined.
Package hyperref Info: Bookmarks ON on input line 4448.
\c@Hy@tempcnt=\count276

(/home/mir/.miktex/texmfs/install/tex/latex/url/url.sty
\Urlmuskip=\muskip17
Package: url 2013/09/16  ver 3.4  Verb mode for urls, etc.
)
LaTeX Info: Redefining \url on input line 4786.
\XeTeXLinkMargin=\dimen154

(/home/mir/.miktex/texmfs/install/tex/generic/bitset/bitset.sty
Package: bitset 2019/12/09 v1.3 Handle bit-vector datatype (HO)

(/home/mir/.miktex/texmfs/install/tex/generic/bigintcalc/bigintcalc.sty
Package: bigintcalc 2019/12/15 v1.5 Expandable calculations on big integers (HO
)
))
\Fld@menulength=\count277
\Field@Width=\dimen155
\Fld@charsize=\dimen156
Package hyperref Info: Hyper figures OFF on input line 6065.
Package hyperref Info: Link nesting OFF on input line 6070.
Package hyperref Info: Hyper index ON on input line 6073.
Package hyperref Info: backreferencing OFF on input line 6080.
Package hyperref Info: Link coloring OFF on input line 6085.
Package hyperref Info: Link coloring with OCG OFF on input line 6090.
Package hyperref Info: PDF/A mode OFF on input line 6095.

(/home/mir/.miktex/texmfs/install/tex/latex/base/atbegshi-ltx.sty
Package: atbegshi-ltx 2021/01/10 v1.0c Emulation of the original atbegshi
package with kernel methods
)
\Hy@abspage=\count278
\c@Item=\count279
\c@Hfootnote=\count280
)
Package hyperref Info: Driver (autodetected): hxetex.

(/home/mir/.miktex/texmfs/install/tex/latex/hyperref/hxetex.def
File: hxetex.def 2023-11-26 v7.01g Hyperref driver for XeTeX

(/home/mir/.miktex/texmfs/install/tex/generic/stringenc/stringenc.sty
Package: stringenc 2019/11/29 v1.12 Convert strings between diff. encodings (HO
)
)
\pdfm@box=\box53
\c@Hy@AnnotLevel=\count281
\HyField@AnnotCount=\count282
\Fld@listcount=\count283
\c@bookmark@seq@number=\count284

(/home/mir/.miktex/texmfs/install/tex/latex/rerunfilecheck/rerunfilecheck.sty
Package: rerunfilecheck 2022-07-10 v1.10 Rerun checks for auxiliary files (HO)

(/home/mir/.miktex/texmfs/install/tex/latex/base/atveryend-ltx.sty
Package: atveryend-ltx 2020/08/19 v1.0a Emulation of the original atveryend pac
kage
with kernel methods
)
(/home/mir/.miktex/texmfs/install/tex/generic/uniquecounter/uniquecounter.sty
Package: uniquecounter 2019/12/15 v1.4 Provide unlimited unique counter (HO)
)
Package uniquecounter Info: New unique counter `rerunfilecheck' on input line 2
85.
)
\Hy@SectionHShift=\skip53
) (/home/mir/.miktex/texmfs/install/tex/latex/float/float.sty
Package: float 2001/11/08 v1.3d Float enhancements (AL)
\c@float@type=\count285
\float@exts=\toks25
\float@box=\box54
\@float@everytoks=\toks26
\@floatcapt=\box55
)
(/home/mir/.miktex/texmfs/install/tex/latex/caption/caption.sty
Package: caption 2023/08/05 v3.6o Customizing captions (AR)

(/home/mir/.miktex/texmfs/install/tex/latex/caption/caption3.sty
Package: caption3 2023/07/31 v2.4d caption3 kernel (AR)
\caption@tempdima=\dimen157
\captionmargin=\dimen158
\caption@leftmargin=\dimen159
\caption@rightmargin=\dimen160
\caption@width=\dimen161
\caption@indent=\dimen162
\caption@parindent=\dimen163
\caption@hangindent=\dimen164
Package caption Info: Standard document class detected.
)
\c@caption@flags=\count286
\c@continuedfloat=\count287
Package caption Info: float package is loaded.
Package caption Info: hyperref package is loaded.
)
(/home/mir/.miktex/texmfs/install/tex/latex/multirow/multirow.sty
Package: multirow 2021/03/15 v2.8 Span multiple rows of a table
\multirow@colwidth=\skip54
\multirow@cntb=\count288
\multirow@dima=\skip55
\bigstrutjot=\dimen165
)
(/home/mir/.miktex/texmfs/install/tex/latex/tools/multicol.sty
Package: multicol 2023/03/30 v1.9f multicolumn formatting (FMi)
\c@tracingmulticols=\count289
\mult@box=\box56
\multicol@leftmargin=\dimen166
\c@unbalance=\count290
\c@collectmore=\count291
\doublecol@number=\count292
\multicoltolerance=\count293
\multicolpretolerance=\count294
\full@width=\dimen167
\page@free=\dimen168
\premulticols=\dimen169
\postmulticols=\dimen170
\multicolsep=\skip56
\multicolbaselineskip=\skip57
\partial@page=\box57
\last@line=\box58
\mc@boxedresult=\box59
\maxbalancingoverflow=\dimen171
\mult@rightbox=\box60
\mult@grightbox=\box61
\mult@firstbox=\box62
\mult@gfirstbox=\box63
\@tempa=\box64
\@tempa=\box65
\@tempa=\box66
\@tempa=\box67
\@tempa=\box68
\@tempa=\box69
\@tempa=\box70
\@tempa=\box71
\@tempa=\box72
\@tempa=\box73
\@tempa=\box74
\@tempa=\box75
\@tempa=\box76
\@tempa=\box77
\@tempa=\box78
\@tempa=\box79
\@tempa=\box80
\@tempa=\box81
\@tempa=\box82
\@tempa=\box83
\@tempa=\box84
\@tempa=\box85
\@tempa=\box86
\@tempa=\box87
\@tempa=\box88
\@tempa=\box89
\@tempa=\box90
\@tempa=\box91
\@tempa=\box92
\@tempa=\box93
\@tempa=\box94
\@tempa=\box95
\@tempa=\box96
\@tempa=\box97
\@tempa=\box98
\@tempa=\box99
\c@minrows=\count295
\c@columnbadness=\count296
\c@finalcolumnbadness=\count297
\last@try=\dimen172
\multicolovershoot=\dimen173
\multicolundershoot=\dimen174
\mult@nat@firstbox=\box100
\colbreak@box=\box101
\mc@col@check@num=\count298
)
(/home/mir/.miktex/texmfs/install/tex/latex/listings/listings.sty
\lst@mode=\count299
\lst@gtempboxa=\box102
\lst@token=\toks27
\lst@length=\count300
\lst@currlwidth=\dimen175
\lst@column=\count301
\lst@pos=\count302
\lst@lostspace=\dimen176
\lst@width=\dimen177
\lst@newlines=\count303
\lst@lineno=\count304
\lst@maxwidth=\dimen178

(/home/mir/.miktex/texmfs/install/tex/latex/listings/lstmisc.sty
File: lstmisc.sty 2023/02/27 1.9 (Carsten Heinz)
\c@lstnumber=\count305
\lst@skipnumbers=\count306
\lst@framebox=\box103
)
(/home/mir/.miktex/texmfs/install/tex/latex/listings/listings.cfg
File: listings.cfg 2023/02/27 1.9 listings configuration
))
Package: listings 2023/02/27 1.9 (Carsten Heinz)

(/home/mir/.miktex/texmfs/install/tex/latex/caption/subcaption.sty
Package: subcaption 2023/07/28 v1.6b Sub-captions (AR)
Package caption Info: New subtype `subfigure' on input line 238.
\c@subfigure=\count307
Package caption Info: New subtype `subtable' on input line 238.
\c@subtable=\count308
)
(/home/mir/.miktex/texmfs/install/tex/latex/mathtools/empheq.sty
Package: empheq 2017/03/31 v2.15 Emphasizing equations

(/home/mir/.miktex/texmfs/install/tex/latex/mathtools/mhsetup.sty
Package: mhsetup 2021/03/18 v1.4 programming setup (MH)
)
(/home/mir/.miktex/texmfs/install/tex/latex/mathtools/mathtools.sty
Package: mathtools 2022/06/29 v1.29 mathematical typesetting tools

(/home/mir/.miktex/texmfs/install/tex/latex/tools/calc.sty
Package: calc 2023/07/08 v4.3 Infix arithmetic (KKT,FJ)
\calc@Acount=\count309
\calc@Bcount=\count310
\calc@Adimen=\dimen179
\calc@Bdimen=\dimen180
\calc@Askip=\skip58
\calc@Bskip=\skip59
LaTeX Info: Redefining \setlength on input line 80.
LaTeX Info: Redefining \addtolength on input line 81.
\calc@Ccount=\count311
\calc@Cskip=\skip60
)
\g_MT_multlinerow_int=\count312
\l_MT_multwidth_dim=\dimen181
\origjot=\skip61
\l_MT_shortvdotswithinadjustabove_dim=\dimen182
\l_MT_shortvdotswithinadjustbelow_dim=\dimen183
\l_MT_above_intertext_sep=\dimen184
\l_MT_below_intertext_sep=\dimen185
\l_MT_above_shortintertext_sep=\dimen186
\l_MT_below_shortintertext_sep=\dimen187
\xmathstrut@box=\box104
\xmathstrut@dim=\dimen188
)
\l_EQ_equationtype_int=\count313
\l_EQ_alignmentmode_int=\count314
\l_EQ_totalwidth_dim=\dimen189
\l_EQ_displaywidth_dim=\dimen190
\l_EQ_temp_linewidth_dim=\dimen191
\l_EQ_linewidth_dim=\dimen192
\EmphEqdelimitershortfall=\dimen193
\EmphEqdelimiterfactor=\count315
\g_EQ_toptag_height_dim=\dimen194
\g_EQ_bottomtag_depth_dim=\dimen195
\g_EQ_toprow_height_dim=\dimen196
\g_EQ_bottomrow_depth_dim=\dimen197
\g_EQ_widesttag_dim=\dimen198
\EQ_mathdisplay_box=\box105
\EQ_tag_box=\box106
\g_EQ_temprow_int=\count316
)
(/home/mir/.miktex/texmfs/install/tex/latex/fancyhdr/fancyhdr.sty
Package: fancyhdr 2022/11/09 v4.1 Extensive control of page headers and footers

\f@nch@headwidth=\skip62
\f@nch@O@elh=\skip63
\f@nch@O@erh=\skip64
\f@nch@O@olh=\skip65
\f@nch@O@orh=\skip66
\f@nch@O@elf=\skip67
\f@nch@O@erf=\skip68
\f@nch@O@olf=\skip69
\f@nch@O@orf=\skip70
)
(/home/mir/.miktex/texmfs/install/tex/latex/booktabs/booktabs.sty
Package: booktabs 2020/01/12 v1.61803398 Publication quality tables
\heavyrulewidth=\dimen199
\lightrulewidth=\dimen256
\cmidrulewidth=\dimen257
\belowrulesep=\dimen258
\belowbottomsep=\dimen259
\aboverulesep=\dimen260
\abovetopsep=\dimen261
\cmidrulesep=\dimen262
\cmidrulekern=\dimen263
\defaultaddspace=\dimen264
\@cmidla=\count317
\@cmidlb=\count318
\@aboverulesep=\dimen265
\@belowrulesep=\dimen266
\@thisruleclass=\count319
\@lastruleclass=\count320
\@thisrulewidth=\dimen267
)
(/home/mir/.miktex/texmfs/install/tex/latex/amsfonts/amssymb.sty
Package: amssymb 2013/01/14 v3.01 AMS font symbols

(/home/mir/.miktex/texmfs/install/tex/latex/amsfonts/amsfonts.sty
Package: amsfonts 2013/01/14 v3.01 Basic AMSFonts support
\symAMSa=\mathgroup4
\symAMSb=\mathgroup5
LaTeX Font Info:    Redeclaring math symbol \hbar on input line 98.
LaTeX Font Info:    Overwriting math alphabet `\mathfrak' in version `bold'
(Font)                  U/euf/m/n --> U/euf/b/n on input line 106.
))
(/home/mir/.miktex/texmfs/install/tex/latex/pgf/frontendlayer/tikz.sty
(/home/mir/.miktex/texmfs/install/tex/latex/pgf/basiclayer/pgf.sty
(/home/mir/.miktex/texmfs/install/tex/latex/pgf/utilities/pgfrcs.sty
(/home/mir/.miktex/texmfs/install/tex/generic/pgf/utilities/pgfutil-common.tex
\pgfutil@everybye=\toks28
\pgfutil@tempdima=\dimen268
\pgfutil@tempdimb=\dimen269
) (/home/mir/.miktex/texmfs/install/tex/generic/pgf/utilities/pgfutil-latex.def
\pgfutil@abb=\box107
) (/home/mir/.miktex/texmfs/install/tex/generic/pgf/utilities/pgfrcs.code.tex
(/home/mir/.miktex/texmfs/install/tex/generic/pgf/pgf.revision.tex)
Package: pgfrcs 2023-01-15 v3.1.10 (3.1.10)
))
Package: pgf 2023-01-15 v3.1.10 (3.1.10)

(/home/mir/.miktex/texmfs/install/tex/latex/pgf/basiclayer/pgfcore.sty
(/home/mir/.miktex/texmfs/install/tex/latex/pgf/systemlayer/pgfsys.sty
(/home/mir/.miktex/texmfs/install/tex/generic/pgf/systemlayer/pgfsys.code.tex
Package: pgfsys 2023-01-15 v3.1.10 (3.1.10)

(/home/mir/.miktex/texmfs/install/tex/generic/pgf/utilities/pgfkeys.code.tex
\pgfkeys@pathtoks=\toks29
\pgfkeys@temptoks=\toks30

(/home/mir/.miktex/texmfs/install/tex/generic/pgf/utilities/pgfkeyslibraryfilte
red.code.tex
\pgfkeys@tmptoks=\toks31
))
\pgf@x=\dimen270
\pgf@y=\dimen271
\pgf@xa=\dimen272
\pgf@ya=\dimen273
\pgf@xb=\dimen274
\pgf@yb=\dimen275
\pgf@xc=\dimen276
\pgf@yc=\dimen277
\pgf@xd=\dimen278
\pgf@yd=\dimen279
\w@pgf@writea=\write3
\r@pgf@reada=\read3
\c@pgf@counta=\count321
\c@pgf@countb=\count322
\c@pgf@countc=\count323
\c@pgf@countd=\count324
\t@pgf@toka=\toks32
\t@pgf@tokb=\toks33
\t@pgf@tokc=\toks34
\pgf@sys@id@count=\count325

(/home/mir/.miktex/texmfs/install/tex/generic/pgf/systemlayer/pgf.cfg
File: pgf.cfg 2023-01-15 v3.1.10 (3.1.10)
)
Driver file for pgf: pgfsys-xetex.def

(/home/mir/.miktex/texmfs/install/tex/generic/pgf/systemlayer/pgfsys-xetex.def
File: pgfsys-xetex.def 2023-01-15 v3.1.10 (3.1.10)

(/home/mir/.miktex/texmfs/install/tex/generic/pgf/systemlayer/pgfsys-dvipdfmx.d
ef
File: pgfsys-dvipdfmx.def 2023-01-15 v3.1.10 (3.1.10)

(/home/mir/.miktex/texmfs/install/tex/generic/pgf/systemlayer/pgfsys-common-pdf
.def
File: pgfsys-common-pdf.def 2023-01-15 v3.1.10 (3.1.10)
)
\pgfsys@objnum=\count326
)))
(/home/mir/.miktex/texmfs/install/tex/generic/pgf/systemlayer/pgfsyssoftpath.co
de.tex
File: pgfsyssoftpath.code.tex 2023-01-15 v3.1.10 (3.1.10)
\pgfsyssoftpath@smallbuffer@items=\count327
\pgfsyssoftpath@bigbuffer@items=\count328
)
(/home/mir/.miktex/texmfs/install/tex/generic/pgf/systemlayer/pgfsysprotocol.co
de.tex
File: pgfsysprotocol.code.tex 2023-01-15 v3.1.10 (3.1.10)
)) (/home/mir/.miktex/texmfs/install/tex/latex/xcolor/xcolor.sty
Package: xcolor 2023/11/15 v3.01 LaTeX color extensions (UK)

(/home/mir/.miktex/texmfs/install/tex/latex/graphics-cfg/color.cfg
File: color.cfg 2016/01/02 v1.6 sample color configuration
)
Package xcolor Info: Driver file: xetex.def on input line 274.

(/home/mir/.miktex/texmfs/install/tex/latex/graphics/mathcolor.ltx)
Package xcolor Info: Model `cmy' substituted by `cmy0' on input line 1350.
Package xcolor Info: Model `RGB' extended on input line 1366.
Package xcolor Info: Model `HTML' substituted by `rgb' on input line 1368.
Package xcolor Info: Model `Hsb' substituted by `hsb' on input line 1369.
Package xcolor Info: Model `tHsb' substituted by `hsb' on input line 1370.
Package xcolor Info: Model `HSB' substituted by `hsb' on input line 1371.
Package xcolor Info: Model `Gray' substituted by `gray' on input line 1372.
Package xcolor Info: Model `wave' substituted by `hsb' on input line 1373.
)
(/home/mir/.miktex/texmfs/install/tex/generic/pgf/basiclayer/pgfcore.code.tex
Package: pgfcore 2023-01-15 v3.1.10 (3.1.10)

(/home/mir/.miktex/texmfs/install/tex/generic/pgf/math/pgfmath.code.tex
(/home/mir/.miktex/texmfs/install/tex/generic/pgf/math/pgfmathutil.code.tex)
(/home/mir/.miktex/texmfs/install/tex/generic/pgf/math/pgfmathparser.code.tex
\pgfmath@dimen=\dimen280
\pgfmath@count=\count329
\pgfmath@box=\box108
\pgfmath@toks=\toks35
\pgfmath@stack@operand=\toks36
\pgfmath@stack@operation=\toks37
)
(/home/mir/.miktex/texmfs/install/tex/generic/pgf/math/pgfmathfunctions.code.te
x)
(/home/mir/.miktex/texmfs/install/tex/generic/pgf/math/pgfmathfunctions.basic.c
ode.tex)
(/home/mir/.miktex/texmfs/install/tex/generic/pgf/math/pgfmathfunctions.trigono
metric.code.tex)
(/home/mir/.miktex/texmfs/install/tex/generic/pgf/math/pgfmathfunctions.random.
code.tex)
(/home/mir/.miktex/texmfs/install/tex/generic/pgf/math/pgfmathfunctions.compari
son.code.tex)
(/home/mir/.miktex/texmfs/install/tex/generic/pgf/math/pgfmathfunctions.base.co
de.tex)
(/home/mir/.miktex/texmfs/install/tex/generic/pgf/math/pgfmathfunctions.round.c
ode.tex)
(/home/mir/.miktex/texmfs/install/tex/generic/pgf/math/pgfmathfunctions.misc.co
de.tex)
(/home/mir/.miktex/texmfs/install/tex/generic/pgf/math/pgfmathfunctions.integer
arithmetics.code.tex)
(/home/mir/.miktex/texmfs/install/tex/generic/pgf/math/pgfmathcalc.code.tex)
(/home/mir/.miktex/texmfs/install/tex/generic/pgf/math/pgfmathfloat.code.tex
\c@pgfmathroundto@lastzeros=\count330
))
(/home/mir/.miktex/texmfs/install/tex/generic/pgf/math/pgfint.code.tex)
(/home/mir/.miktex/texmfs/install/tex/generic/pgf/basiclayer/pgfcorepoints.code
.tex
File: pgfcorepoints.code.tex 2023-01-15 v3.1.10 (3.1.10)
\pgf@picminx=\dimen281
\pgf@picmaxx=\dimen282
\pgf@picminy=\dimen283
\pgf@picmaxy=\dimen284
\pgf@pathminx=\dimen285
\pgf@pathmaxx=\dimen286
\pgf@pathminy=\dimen287
\pgf@pathmaxy=\dimen288
\pgf@xx=\dimen289
\pgf@xy=\dimen290
\pgf@yx=\dimen291
\pgf@yy=\dimen292
\pgf@zx=\dimen293
\pgf@zy=\dimen294
)
(/home/mir/.miktex/texmfs/install/tex/generic/pgf/basiclayer/pgfcorepathconstru
ct.code.tex
File: pgfcorepathconstruct.code.tex 2023-01-15 v3.1.10 (3.1.10)
\pgf@path@lastx=\dimen295
\pgf@path@lasty=\dimen296
)
(/home/mir/.miktex/texmfs/install/tex/generic/pgf/basiclayer/pgfcorepathusage.c
ode.tex
File: pgfcorepathusage.code.tex 2023-01-15 v3.1.10 (3.1.10)
\pgf@shorten@end@additional=\dimen297
\pgf@shorten@start@additional=\dimen298
)
(/home/mir/.miktex/texmfs/install/tex/generic/pgf/basiclayer/pgfcorescopes.code
.tex
File: pgfcorescopes.code.tex 2023-01-15 v3.1.10 (3.1.10)
\pgfpic=\box109
\pgf@hbox=\box110
\pgf@layerbox@main=\box111
\pgf@picture@serial@count=\count331
)
(/home/mir/.miktex/texmfs/install/tex/generic/pgf/basiclayer/pgfcoregraphicstat
e.code.tex
File: pgfcoregraphicstate.code.tex 2023-01-15 v3.1.10 (3.1.10)
\pgflinewidth=\dimen299
)
(/home/mir/.miktex/texmfs/install/tex/generic/pgf/basiclayer/pgfcoretransformat
ions.code.tex
File: pgfcoretransformations.code.tex 2023-01-15 v3.1.10 (3.1.10)
\pgf@pt@x=\dimen300
\pgf@pt@y=\dimen301
\pgf@pt@temp=\dimen302
)
(/home/mir/.miktex/texmfs/install/tex/generic/pgf/basiclayer/pgfcorequick.code.
tex
File: pgfcorequick.code.tex 2023-01-15 v3.1.10 (3.1.10)
)
(/home/mir/.miktex/texmfs/install/tex/generic/pgf/basiclayer/pgfcoreobjects.cod
e.tex
File: pgfcoreobjects.code.tex 2023-01-15 v3.1.10 (3.1.10)
)
(/home/mir/.miktex/texmfs/install/tex/generic/pgf/basiclayer/pgfcorepathprocess
ing.code.tex
File: pgfcorepathprocessing.code.tex 2023-01-15 v3.1.10 (3.1.10)
)
(/home/mir/.miktex/texmfs/install/tex/generic/pgf/basiclayer/pgfcorearrows.code
.tex
File: pgfcorearrows.code.tex 2023-01-15 v3.1.10 (3.1.10)
\pgfarrowsep=\dimen303
)
(/home/mir/.miktex/texmfs/install/tex/generic/pgf/basiclayer/pgfcoreshade.code.
tex
File: pgfcoreshade.code.tex 2023-01-15 v3.1.10 (3.1.10)
\pgf@max=\dimen304
\pgf@sys@shading@range@num=\count332
\pgf@shadingcount=\count333
)
(/home/mir/.miktex/texmfs/install/tex/generic/pgf/basiclayer/pgfcoreimage.code.
tex
File: pgfcoreimage.code.tex 2023-01-15 v3.1.10 (3.1.10)
)
(/home/mir/.miktex/texmfs/install/tex/generic/pgf/basiclayer/pgfcoreexternal.co
de.tex
File: pgfcoreexternal.code.tex 2023-01-15 v3.1.10 (3.1.10)
\pgfexternal@startupbox=\box112
)
(/home/mir/.miktex/texmfs/install/tex/generic/pgf/basiclayer/pgfcorelayers.code
.tex
File: pgfcorelayers.code.tex 2023-01-15 v3.1.10 (3.1.10)
)
(/home/mir/.miktex/texmfs/install/tex/generic/pgf/basiclayer/pgfcoretransparenc
y.code.tex
File: pgfcoretransparency.code.tex 2023-01-15 v3.1.10 (3.1.10)
)
(/home/mir/.miktex/texmfs/install/tex/generic/pgf/basiclayer/pgfcorepatterns.co
de.tex
File: pgfcorepatterns.code.tex 2023-01-15 v3.1.10 (3.1.10)
)
(/home/mir/.miktex/texmfs/install/tex/generic/pgf/basiclayer/pgfcorerdf.code.te
x
File: pgfcorerdf.code.tex 2023-01-15 v3.1.10 (3.1.10)
)))
(/home/mir/.miktex/texmfs/install/tex/generic/pgf/modules/pgfmoduleshapes.code.
tex
File: pgfmoduleshapes.code.tex 2023-01-15 v3.1.10 (3.1.10)
\pgfnodeparttextbox=\box113
)
(/home/mir/.miktex/texmfs/install/tex/generic/pgf/modules/pgfmoduleplot.code.te
x
File: pgfmoduleplot.code.tex 2023-01-15 v3.1.10 (3.1.10)
)
(/home/mir/.miktex/texmfs/install/tex/latex/pgf/compatibility/pgfcomp-version-0
-65.sty
Package: pgfcomp-version-0-65 2023-01-15 v3.1.10 (3.1.10)
\pgf@nodesepstart=\dimen305
\pgf@nodesepend=\dimen306
)
(/home/mir/.miktex/texmfs/install/tex/latex/pgf/compatibility/pgfcomp-version-1
-18.sty
Package: pgfcomp-version-1-18 2023-01-15 v3.1.10 (3.1.10)
)) (/home/mir/.miktex/texmfs/install/tex/latex/pgf/utilities/pgffor.sty
(/home/mir/.miktex/texmfs/install/tex/latex/pgf/utilities/pgfkeys.sty
(/home/mir/.miktex/texmfs/install/tex/generic/pgf/utilities/pgfkeys.code.tex))
(/home/mir/.miktex/texmfs/install/tex/latex/pgf/math/pgfmath.sty
(/home/mir/.miktex/texmfs/install/tex/generic/pgf/math/pgfmath.code.tex))
(/home/mir/.miktex/texmfs/install/tex/generic/pgf/utilities/pgffor.code.tex
Package: pgffor 2023-01-15 v3.1.10 (3.1.10)
\pgffor@iter=\dimen307
\pgffor@skip=\dimen308
\pgffor@stack=\toks38
\pgffor@toks=\toks39
))
(/home/mir/.miktex/texmfs/install/tex/generic/pgf/frontendlayer/tikz/tikz.code.
tex
Package: tikz 2023-01-15 v3.1.10 (3.1.10)

(/home/mir/.miktex/texmfs/install/tex/generic/pgf/libraries/pgflibraryplothandl
ers.code.tex
File: pgflibraryplothandlers.code.tex 2023-01-15 v3.1.10 (3.1.10)
\pgf@plot@mark@count=\count334
\pgfplotmarksize=\dimen309
)
\tikz@lastx=\dimen310
\tikz@lasty=\dimen311
\tikz@lastxsaved=\dimen312
\tikz@lastysaved=\dimen313
\tikz@lastmovetox=\dimen314
\tikz@lastmovetoy=\dimen315
\tikzleveldistance=\dimen316
\tikzsiblingdistance=\dimen317
\tikz@figbox=\box114
\tikz@figbox@bg=\box115
\tikz@tempbox=\box116
\tikz@tempbox@bg=\box117
\tikztreelevel=\count335
\tikznumberofchildren=\count336
\tikznumberofcurrentchild=\count337
\tikz@fig@count=\count338

(/home/mir/.miktex/texmfs/install/tex/generic/pgf/modules/pgfmodulematrix.code.
tex
File: pgfmodulematrix.code.tex 2023-01-15 v3.1.10 (3.1.10)
\pgfmatrixcurrentrow=\count339
\pgfmatrixcurrentcolumn=\count340
\pgf@matrix@numberofcolumns=\count341
)
\tikz@expandcount=\count342

(/home/mir/.miktex/texmfs/install/tex/generic/pgf/frontendlayer/tikz/libraries/
tikzlibrarytopaths.code.tex
File: tikzlibrarytopaths.code.tex 2023-01-15 v3.1.10 (3.1.10)
)))
(/home/mir/.miktex/texmfs/install/tex/latex/xifthen/xifthen.sty
Package: xifthen 2015/11/05 v1.4.0 Extended ifthen features

(/home/mir/.miktex/texmfs/install/tex/latex/base/ifthen.sty
Package: ifthen 2022/04/13 v1.1d Standard LaTeX ifthen package (DPC)
)
(/home/mir/.miktex/texmfs/install/tex/latex/ifmtarg/ifmtarg.sty
Package: ifmtarg 2018/04/16 v1.2b check for an empty argument
))
(/home/mir/.miktex/texmfs/install/tex/latex/setspace/setspace.sty
Package: setspace 2022/12/04 v6.7b set line spacing
)
(/home/mir/.miktex/texmfs/install/tex/latex/algorithms/algorithm.sty
Invalid UTF-8 byte or sequence at line 11 replaced by U+FFFD.
Package: algorithm 2009/08/24 v0.1 Document Style `algorithm' - floating enviro
nment
\@float@every@algorithm=\toks40
\c@algorithm=\count343
)
(/home/mir/.miktex/texmfs/install/tex/latex/algorithmicx/algpseudocode.sty
Package: algpseudocode 

(/home/mir/.miktex/texmfs/install/tex/latex/algorithmicx/algorithmicx.sty
Package: algorithmicx 2005/04/27 v1.2 Algorithmicx

Document Style algorithmicx 1.2 - a greatly improved `algorithmic' style
\c@ALG@line=\count344
\c@ALG@rem=\count345
\c@ALG@nested=\count346
\ALG@tlm=\skip71
\ALG@thistlm=\skip72
\c@ALG@Lnr=\count347
\c@ALG@blocknr=\count348
\c@ALG@storecount=\count349
\c@ALG@tmpcounter=\count350
\ALG@tmplength=\skip73
)
Document Style - pseudocode environments for use with the `algorithmicx' style
) (/home/mir/.miktex/texmfs/install/tex/latex/enumitem/enumitem.sty
Package: enumitem 2019/06/20 v3.9 Customized lists
\labelindent=\skip74
\enit@outerparindent=\dimen318
\enit@toks=\toks41
\enit@inbox=\box118
\enit@count@id=\count351
\enitdp@description=\count352
)
(/home/mir/.miktex/texmfs/install/tex/latex/lastpage/lastpage.sty
Package: lastpage 2023/10/14 v2.0e lastpage: 2.09 or 2e? (HMM)

(/home/mir/.miktex/texmfs/install/tex/latex/lastpage/lastpage2e.sty
Package: lastpage2e 2023/10/14 v2.0e Decide which 2e lastpage version to use (H
MM)

(/home/mir/.miktex/texmfs/install/tex/latex/lastpage/lastpagemodern.sty
Package: lastpagemodern 2023-10-14 v2.0e Refers to last page's name (HMM; JPG)
\c@lastpagecount=\count353
) 
)) (/home/mir/.miktex/texmfs/install/tex/latex/l3backend/l3backend-xetex.def
File: l3backend-xetex.def 2024-01-04 L3 backend support: XeTeX
\g__graphics_track_int=\count354
\l__pdf_internal_box=\box119
\g__pdf_backend_object_int=\count355
\g__pdf_backend_annotation_int=\count356
\g__pdf_backend_link_int=\count357
)
(Rapport.aux)
\openout1 = `Rapport.aux'.

LaTeX Font Info:    Checking defaults for OML/cmm/m/it on input line 84.
LaTeX Font Info:    ... okay on input line 84.
LaTeX Font Info:    Checking defaults for OMS/cmsy/m/n on input line 84.
LaTeX Font Info:    ... okay on input line 84.
LaTeX Font Info:    Checking defaults for OT1/cmr/m/n on input line 84.
LaTeX Font Info:    ... okay on input line 84.
LaTeX Font Info:    Checking defaults for T1/cmr/m/n on input line 84.
LaTeX Font Info:    ... okay on input line 84.
LaTeX Font Info:    Checking defaults for TS1/cmr/m/n on input line 84.
LaTeX Font Info:    Trying to load font information for TS1+cmr on input line 8
4.
 (/home/mir/.miktex/texmfs/install/tex/latex/base/ts1cmr.fd
File: ts1cmr.fd 2023/04/13 v2.5m Standard LaTeX font definitions
)
LaTeX Font Info:    ... okay on input line 84.
LaTeX Font Info:    Checking defaults for TU/lmr/m/n on input line 84.
LaTeX Font Info:    ... okay on input line 84.
LaTeX Font Info:    Checking defaults for OMX/cmex/m/n on input line 84.
LaTeX Font Info:    ... okay on input line 84.
LaTeX Font Info:    Checking defaults for U/cmr/m/n on input line 84.
LaTeX Font Info:    ... okay on input line 84.
LaTeX Font Info:    Checking defaults for PD1/pdf/m/n on input line 84.
LaTeX Font Info:    ... okay on input line 84.
LaTeX Font Info:    Checking defaults for PU/pdf/m/n on input line 84.
LaTeX Font Info:    ... okay on input line 84.
Package hyperref Info: Link coloring OFF on input line 84.

(Rapport.out) (Rapport.out)
\@outlinefile=\write4
\openout4 = `Rapport.out'.

Package caption Info: Begin \AtBeginDocument code.
Package caption Info: listings package is loaded.
Package caption Info: End \AtBeginDocument code.
\c@lstlisting=\count358
File: logo ecole.jpg Graphic file (type bmp)
<logo ecole.jpg>
 [1

] (Rapport.toc
LaTeX Font Info:    Trying to load font information for U+msa on input line 3.

(/home/mir/.miktex/texmfs/install/tex/latex/amsfonts/umsa.fd
File: umsa.fd 2013/01/14 v3.01 AMS symbols A
)
LaTeX Font Info:    Trying to load font information for U+msb on input line 3.

(/home/mir/.miktex/texmfs/install/tex/latex/amsfonts/umsb.fd
File: umsb.fd 2013/01/14 v3.01 AMS symbols B
))
\tf@toc=\write5
\openout5 = `Rapport.toc'.

 [1]
Overfull \hbox (0.92113pt too wide) in paragraph at lines 172--173
\T1/lmr/m/n/10.95 equation is explored, emphasizing its significance in charact
erizing particle transport phenomena. 
 []

[2]
Overfull \hbox (15.60962pt too wide) in paragraph at lines 250--251
[]\T1/lmr/m/n/10.95 Next, a partial demonstration of the previous formula is su
ggested, using the method of characteristics.
 []

[3] [4]

LaTeX Warning: Citation `Boltzmann' on page 5 undefined on input line 422.

[5]
Overfull \hbox (6.51952pt too wide) detected at line 493
[][][]\OML/cmm/m/it/10.95 @[]u\OT1/cmr/m/n/10.95 (\OML/cmm/m/it/10.95 x \OT1/cm
r/m/n/10.95 + []\OML/cmm/m/it/10.95 s; s; []\OT1/cmr/m/n/10.95 ) = \OMS/cmsy/m/
n/10.95 ^^@\OML/cmm/m/it/10.95 v^^[[]\OT1/cmr/m/n/10.95 (\OML/cmm/m/it/10.95 x 
\OT1/cmr/m/n/10.95 + []\OML/cmm/m/it/10.95 s; s; []\OT1/cmr/m/n/10.95 )\OML/cmm
/m/it/10.95 u\OT1/cmr/m/n/10.95 (\OML/cmm/m/it/10.95 x \OT1/cmr/m/n/10.95 + []\
OML/cmm/m/it/10.95 s; s; []\OT1/cmr/m/n/10.95 ) + \OML/cmm/m/it/10.95 v^^[[]\OT
1/cmr/m/n/10.95 (\OML/cmm/m/it/10.95 x \OT1/cmr/m/n/10.95 + []\OML/cmm/m/it/10.
95 s; s; []\OT1/cmr/m/n/10.95 ) [] \OML/cmm/m/it/10.95 P\OT1/cmr/m/n/10.95 (\OM
L/cmm/m/it/10.95 x \OT1/cmr/m/n/10.95 + []\OML/cmm/m/it/10.95 s; s; []; [][]\OT
1/cmr/m/n/10.95 )\OML/cmm/m/it/10.95 u\OT1/cmr/m/n/10.95 (\OML/cmm/m/it/10.95 x
 \OT1/cmr/m/n/10.95 + []\OML/cmm/m/it/10.95 s; s; [][]\OT1/cmr/m/n/10.95 )\OML/
cmm/m/it/10.95 d[][]
 []

[6]
Overfull \hbox (25.4346pt too wide) detected at line 497
[][][]\OML/cmm/m/it/10.95 @[]\OT1/cmr/m/n/10.95 [\OML/cmm/m/it/10.95 u\OT1/cmr/
m/n/10.95 (\OML/cmm/m/it/10.95 x \OT1/cmr/m/n/10.95 + []\OML/cmm/m/it/10.95 s; 
s; []\OT1/cmr/m/n/10.95 )\OML/cmm/m/it/10.95 e[]\OT1/cmr/m/n/10.95 ] = \OML/cmm
/m/it/10.95 e[]v^^[[]\OT1/cmr/m/n/10.95 (\OML/cmm/m/it/10.95 x \OT1/cmr/m/n/10.
95 + []\OML/cmm/m/it/10.95 s; s; []\OT1/cmr/m/n/10.95 ) [] \OML/cmm/m/it/10.95 
P\OT1/cmr/m/n/10.95 (\OML/cmm/m/it/10.95 x \OT1/cmr/m/n/10.95 + []\OML/cmm/m/it
/10.95 s; s; []; [][]\OT1/cmr/m/n/10.95 )\OML/cmm/m/it/10.95 u\OT1/cmr/m/n/10.9
5 (\OML/cmm/m/it/10.95 x \OT1/cmr/m/n/10.95 + []\OML/cmm/m/it/10.95 s; s; [][]\
OT1/cmr/m/n/10.95 )\OML/cmm/m/it/10.95 d[][]
 []


Overfull \hbox (15.86505pt too wide) detected at line 508
 []$[] \OT1/cmr/m/n/10.95 + [][] [] \OML/cmm/m/it/10.95 v^^[[] [] u [] e[]P [] 
d[][]ds$ []  
 []


Overfull \hbox (15.86505pt too wide) detected at line 520
 []$[] \OT1/cmr/m/n/10.95 + [][] [] \OML/cmm/m/it/10.95 v^^[[] [] u [] e[]P [] 
d[][]ds$ []  
 []

[7]
Package hyperref Info: bookmark level for unknown algorithm defaults to 0 on in
put line 539.
File: codestruct.png Graphic file (type bmp)
<codestruct.png>
 [8] [9] [10] (Rapport.bbl) [11]

enddocument/afterlastpage: lastpage setting LastPage.
(Rapport.aux)
 ***********
LaTeX2e <2023-11-01> patch level 1
L3 programming layer <2024-01-04>
 ***********


LaTeX Warning: There were undefined references.

Package rerunfilecheck Info: File `Rapport.out' has not changed.
(rerunfilecheck)             Checksum: B1034F8660E8184C0DB47ECD34C4F3A3;2577.
 ) 
Here is how much of TeX's memory you used:
 26283 strings out of 409617
 471288 string characters out of 5776438
 1935188 words of memory out of 5000000
 47975 multiletter control sequences out of 15000+600000
 613187 words of font info for 76 fonts, out of 8000000 for 9000
 1348 hyphenation exceptions out of 8191
 84i,12n,93p,518b,458s stack positions out of 10000i,1000n,20000p,200000b,200000s

Output written on Rapport.pdf (12 pages).
